{
  "/Users/nicolastorres/Documents/github/blitz-guard/packages/core/index.ts": {
    "path": "/Users/nicolastorres/Documents/github/blitz-guard/packages/core/index.ts",
    "statementMap": {
      "0": { "start": { "line": 1, "column": 0 }, "end": { "line": 1, "column": 9 } },
      "1": { "start": { "line": 1, "column": 9 }, "end": { "line": 1, "column": 51 } },
      "2": { "start": { "line": 2, "column": 0 }, "end": { "line": 2, "column": 9 } },
      "3": { "start": { "line": 2, "column": 9 }, "end": { "line": 2, "column": 49 } },
      "4": { "start": { "line": 3, "column": 0 }, "end": { "line": 3, "column": 9 } },
      "5": { "start": { "line": 3, "column": 9 }, "end": { "line": 3, "column": 71 } },
      "6": { "start": { "line": 5, "column": 0 }, "end": { "line": 5, "column": 27 } },
      "7": { "start": { "line": 6, "column": 0 }, "end": { "line": 6, "column": 27 } }
    },
    "fnMap": {
      "0": {
        "name": "(anonymous_0)",
        "decl": { "start": { "line": 1, "column": 9 }, "end": { "line": 1, "column": 22 } },
        "loc": { "start": { "line": 1, "column": 9 }, "end": { "line": 1, "column": 51 } }
      },
      "1": {
        "name": "(anonymous_1)",
        "decl": { "start": { "line": 2, "column": 9 }, "end": { "line": 2, "column": 23 } },
        "loc": { "start": { "line": 2, "column": 9 }, "end": { "line": 2, "column": 49 } }
      },
      "2": {
        "name": "(anonymous_2)",
        "decl": { "start": { "line": 3, "column": 9 }, "end": { "line": 3, "column": 32 } },
        "loc": { "start": { "line": 3, "column": 9 }, "end": { "line": 3, "column": 71 } }
      }
    },
    "branchMap": {},
    "s": { "0": 1, "1": 1, "2": 1, "3": 1, "4": 1, "5": 1, "6": 1, "7": 1 },
    "f": { "0": 0, "1": 0, "2": 0 },
    "b": {}
  },
  "/Users/nicolastorres/Documents/github/blitz-guard/packages/core/dist/index.js": {
    "path": "/Users/nicolastorres/Documents/github/blitz-guard/packages/core/dist/index.js",
    "statementMap": {
      "0": { "start": { "line": 3, "column": 0 }, "end": { "line": 3, "column": 62 } },
      "1": { "start": { "line": 5, "column": 12 }, "end": { "line": 5, "column": 28 } },
      "2": { "start": { "line": 6, "column": 12 }, "end": { "line": 6, "column": 28 } },
      "3": { "start": { "line": 7, "column": 15 }, "end": { "line": 7, "column": 34 } },
      "4": { "start": { "line": 9, "column": 16 }, "end": { "line": 27, "column": 1 } },
      "5": { "start": { "line": 10, "column": 4 }, "end": { "line": 26, "column": 13 } },
      "6": { "start": { "line": 10, "column": 52 }, "end": { "line": 26, "column": 10 } },
      "7": { "start": { "line": 10, "column": 82 }, "end": { "line": 26, "column": 7 } },
      "8": { "start": { "line": 12, "column": 8 }, "end": { "line": 25, "column": 11 } },
      "9": { "start": { "line": 13, "column": 12 }, "end": { "line": 24, "column": 13 } },
      "10": { "start": { "line": 15, "column": 20 }, "end": { "line": 15, "column": 48 } },
      "11": { "start": { "line": 16, "column": 20 }, "end": { "line": 16, "column": 90 } },
      "12": { "start": { "line": 18, "column": 20 }, "end": { "line": 18, "column": 78 } },
      "13": { "start": { "line": 19, "column": 20 }, "end": { "line": 20, "column": 92 } },
      "14": { "start": { "line": 20, "column": 24 }, "end": { "line": 20, "column": 92 } },
      "15": { "start": { "line": 23, "column": 20 }, "end": { "line": 23, "column": 63 } },
      "16": { "start": { "line": 28, "column": 20 }, "end": { "line": 45, "column": 1 } },
      "17": { "start": { "line": 29, "column": 4 }, "end": { "line": 44, "column": 13 } },
      "18": { "start": { "line": 29, "column": 42 }, "end": { "line": 44, "column": 10 } },
      "19": { "start": { "line": 29, "column": 73 }, "end": { "line": 44, "column": 7 } },
      "20": { "start": { "line": 31, "column": 8 }, "end": { "line": 43, "column": 11 } },
      "21": { "start": { "line": 32, "column": 12 }, "end": { "line": 42, "column": 13 } },
      "22": { "start": { "line": 34, "column": 20 }, "end": { "line": 34, "column": 48 } },
      "23": { "start": { "line": 35, "column": 20 }, "end": { "line": 35, "column": 91 } },
      "24": { "start": { "line": 37, "column": 20 }, "end": { "line": 37, "column": 78 } },
      "25": { "start": { "line": 38, "column": 20 }, "end": { "line": 39, "column": 92 } },
      "26": { "start": { "line": 39, "column": 24 }, "end": { "line": 39, "column": 92 } },
      "27": { "start": { "line": 41, "column": 20 }, "end": { "line": 41, "column": 49 } },
      "28": { "start": { "line": 48, "column": 4 }, "end": { "line": 51, "column": 6 } },
      "29": { "start": { "line": 55, "column": 4 }, "end": { "line": 70, "column": 6 } },
      "30": { "start": { "line": 56, "column": 8 }, "end": { "line": 69, "column": 11 } },
      "31": { "start": { "line": 58, "column": 12 }, "end": { "line": 68, "column": 15 } },
      "32": { "start": { "line": 59, "column": 16 }, "end": { "line": 67, "column": 17 } },
      "33": { "start": { "line": 61, "column": 24 }, "end": { "line": 64, "column": 27 } },
      "34": { "start": { "line": 62, "column": 37 }, "end": { "line": 62, "column": 56 } },
      "35": { "start": { "line": 62, "column": 68 }, "end": { "line": 62, "column": 73 } },
      "36": { "start": { "line": 62, "column": 86 }, "end": { "line": 62, "column": 91 } },
      "37": { "start": { "line": 62, "column": 98 }, "end": { "line": 62, "column": 103 } },
      "38": { "start": { "line": 62, "column": 112 }, "end": { "line": 62, "column": 135 } },
      "39": { "start": { "line": 63, "column": 28 }, "end": { "line": 63, "column": 83 } },
      "40": { "start": { "line": 65, "column": 24 }, "end": { "line": 65, "column": 74 } },
      "41": { "start": { "line": 66, "column": 28 }, "end": { "line": 66, "column": 61 } },
      "42": { "start": { "line": 73, "column": 45 }, "end": { "line": 83, "column": 27 } },
      "43": { "start": { "line": 74, "column": 4 }, "end": { "line": 74, "column": 53 } },
      "44": { "start": { "line": 76, "column": 22 }, "end": { "line": 76, "column": 32 } },
      "45": { "start": { "line": 76, "column": 45 }, "end": { "line": 76, "column": 56 } },
      "46": { "start": { "line": 76, "column": 67 }, "end": { "line": 76, "column": 76 } },
      "47": { "start": { "line": 77, "column": 20 }, "end": { "line": 77, "column": 78 } },
      "48": { "start": { "line": 78, "column": 8 }, "end": { "line": 78, "column": 47 } },
      "49": { "start": { "line": 79, "column": 8 }, "end": { "line": 79, "column": 62 } },
      "50": { "start": { "line": 80, "column": 8 }, "end": { "line": 80, "column": 21 } },
      "51": { "start": { "line": 82, "column": 4 }, "end": { "line": 82, "column": 35 } },
      "52": { "start": { "line": 85, "column": 13 }, "end": { "line": 85, "column": 39 } },
      "53": { "start": { "line": 86, "column": 10 }, "end": { "line": 86, "column": 33 } },
      "54": { "start": { "line": 87, "column": 0 }, "end": { "line": 87, "column": 133 } },
      "55": { "start": { "line": 91, "column": 16 }, "end": { "line": 93, "column": 1 } },
      "56": { "start": { "line": 92, "column": 4 }, "end": { "line": 92, "column": 67 } },
      "57": { "start": { "line": 94, "column": 17 }, "end": { "line": 96, "column": 1 } },
      "58": { "start": { "line": 95, "column": 4 }, "end": { "line": 95, "column": 67 } },
      "59": { "start": { "line": 97, "column": 26 }, "end": { "line": 108, "column": 3 } },
      "60": { "start": { "line": 99, "column": 20 }, "end": { "line": 99, "column": 24 } },
      "61": { "start": { "line": 100, "column": 8 }, "end": { "line": 100, "column": 33 } },
      "62": { "start": { "line": 101, "column": 8 }, "end": { "line": 101, "column": 31 } },
      "63": { "start": { "line": 102, "column": 8 }, "end": { "line": 102, "column": 33 } },
      "64": { "start": { "line": 103, "column": 8 }, "end": { "line": 103, "column": 27 } },
      "65": { "start": { "line": 104, "column": 8 }, "end": { "line": 104, "column": 29 } },
      "66": { "start": { "line": 105, "column": 8 }, "end": { "line": 105, "column": 80 } },
      "67": { "start": { "line": 105, "column": 42 }, "end": { "line": 105, "column": 77 } },
      "68": { "start": { "line": 107, "column": 4 }, "end": { "line": 107, "column": 16 } },
      "69": { "start": { "line": 109, "column": 27 }, "end": { "line": 192, "column": 3 } },
      "70": { "start": { "line": 111, "column": 20 }, "end": { "line": 111, "column": 24 } },
      "71": { "start": { "line": 112, "column": 8 }, "end": { "line": 174, "column": 14 } },
      "72": { "start": { "line": 112, "column": 61 }, "end": { "line": 174, "column": 11 } },
      "73": { "start": { "line": 114, "column": 12 }, "end": { "line": 173, "column": 15 } },
      "74": { "start": { "line": 115, "column": 16 }, "end": { "line": 172, "column": 17 } },
      "75": { "start": { "line": 117, "column": 24 }, "end": { "line": 118, "column": 74 } },
      "76": { "start": { "line": 118, "column": 28 }, "end": { "line": 118, "column": 74 } },
      "77": { "start": { "line": 119, "column": 24 }, "end": { "line": 120, "column": 78 } },
      "78": { "start": { "line": 120, "column": 28 }, "end": { "line": 120, "column": 78 } },
      "79": { "start": { "line": 121, "column": 24 }, "end": { "line": 122, "column": 79 } },
      "80": { "start": { "line": 122, "column": 28 }, "end": { "line": 122, "column": 79 } },
      "81": { "start": { "line": 123, "column": 24 }, "end": { "line": 123, "column": 37 } },
      "82": { "start": { "line": 125, "column": 24 }, "end": { "line": 125, "column": 50 } },
      "83": { "start": { "line": 126, "column": 24 }, "end": { "line": 126, "column": 40 } },
      "84": { "start": { "line": 127, "column": 24 }, "end": { "line": 130, "column": 32 } },
      "85": { "start": { "line": 132, "column": 24 }, "end": { "line": 132, "column": 34 } },
      "86": { "start": { "line": 133, "column": 24 }, "end": { "line": 133, "column": 48 } },
      "87": { "start": { "line": 135, "column": 24 }, "end": { "line": 135, "column": 40 } },
      "88": { "start": { "line": 136, "column": 24 }, "end": { "line": 136, "column": 110 } },
      "89": { "start": { "line": 138, "column": 24 }, "end": { "line": 138, "column": 35 } },
      "90": { "start": { "line": 139, "column": 24 }, "end": { "line": 139, "column": 36 } },
      "91": { "start": { "line": 140, "column": 24 }, "end": { "line": 140, "column": 30 } },
      "92": { "start": { "line": 141, "column": 24 }, "end": { "line": 141, "column": 37 } },
      "93": { "start": { "line": 143, "column": 24 }, "end": { "line": 143, "column": 79 } },
      "94": { "start": { "line": 143, "column": 54 }, "end": { "line": 143, "column": 79 } },
      "95": { "start": { "line": 144, "column": 24 }, "end": { "line": 144, "column": 45 } },
      "96": { "start": { "line": 145, "column": 24 }, "end": { "line": 145, "column": 96 } },
      "97": { "start": { "line": 146, "column": 24 }, "end": { "line": 150, "column": 25 } },
      "98": { "start": { "line": 147, "column": 28 }, "end": { "line": 147, "column": 48 } },
      "99": { "start": { "line": 148, "column": 28 }, "end": { "line": 148, "column": 53 } },
      "100": { "start": { "line": 149, "column": 28 }, "end": { "line": 149, "column": 53 } },
      "101": { "start": { "line": 151, "column": 24 }, "end": { "line": 151, "column": 128 } },
      "102": { "start": { "line": 151, "column": 104 }, "end": { "line": 151, "column": 128 } },
      "103": { "start": { "line": 152, "column": 24 }, "end": { "line": 152, "column": 65 } },
      "104": { "start": { "line": 152, "column": 41 }, "end": { "line": 152, "column": 65 } },
      "105": { "start": { "line": 153, "column": 24 }, "end": { "line": 153, "column": 63 } },
      "106": { "start": { "line": 155, "column": 24 }, "end": { "line": 161, "column": 25 } },
      "107": { "start": { "line": 156, "column": 28 }, "end": { "line": 156, "column": 48 } },
      "108": { "start": { "line": 157, "column": 28 }, "end": { "line": 157, "column": 53 } },
      "109": { "start": { "line": 160, "column": 28 }, "end": { "line": 160, "column": 52 } },
      "110": { "start": { "line": 162, "column": 24 }, "end": { "line": 162, "column": 48 } },
      "111": { "start": { "line": 164, "column": 24 }, "end": { "line": 164, "column": 44 } },
      "112": { "start": { "line": 165, "column": 24 }, "end": { "line": 165, "column": 49 } },
      "113": { "start": { "line": 166, "column": 24 }, "end": { "line": 166, "column": 37 } },
      "114": { "start": { "line": 167, "column": 28 }, "end": { "line": 167, "column": 53 } },
      "115": { "start": { "line": 169, "column": 24 }, "end": { "line": 169, "column": 28 } },
      "116": { "start": { "line": 170, "column": 24 }, "end": { "line": 170, "column": 48 } },
      "117": { "start": { "line": 171, "column": 29 }, "end": { "line": 171, "column": 81 } },
      "118": { "start": { "line": 175, "column": 8 }, "end": { "line": 175, "column": 73 } },
      "119": { "start": { "line": 175, "column": 51 }, "end": { "line": 175, "column": 70 } },
      "120": { "start": { "line": 176, "column": 8 }, "end": { "line": 180, "column": 10 } },
      "121": { "start": { "line": 177, "column": 26 }, "end": { "line": 177, "column": 66 } },
      "122": { "start": { "line": 178, "column": 12 }, "end": { "line": 178, "column": 84 } },
      "123": { "start": { "line": 179, "column": 12 }, "end": { "line": 179, "column": 27 } },
      "124": { "start": { "line": 181, "column": 8 }, "end": { "line": 185, "column": 10 } },
      "125": { "start": { "line": 182, "column": 26 }, "end": { "line": 182, "column": 67 } },
      "126": { "start": { "line": 183, "column": 12 }, "end": { "line": 183, "column": 84 } },
      "127": { "start": { "line": 184, "column": 12 }, "end": { "line": 184, "column": 27 } },
      "128": { "start": { "line": 186, "column": 8 }, "end": { "line": 187, "column": 63 } },
      "129": { "start": { "line": 187, "column": 12 }, "end": { "line": 187, "column": 63 } },
      "130": { "start": { "line": 188, "column": 8 }, "end": { "line": 188, "column": 31 } },
      "131": { "start": { "line": 189, "column": 8 }, "end": { "line": 189, "column": 24 } },
      "132": { "start": { "line": 191, "column": 4 }, "end": { "line": 191, "column": 17 } },
      "133": { "start": { "line": 194, "column": 19 }, "end": { "line": 194, "column": 37 } },
      "134": { "start": { "line": 195, "column": 13 }, "end": { "line": 195, "column": 36 } },
      "135": { "start": { "line": 195, "column": 50 }, "end": { "line": 195, "column": 62 } },
      "136": { "start": { "line": 195, "column": 80 }, "end": { "line": 195, "column": 96 } },
      "137": { "start": { "line": 196, "column": 21 }, "end": { "line": 196, "column": 45 } },
      "138": { "start": { "line": 199, "column": 4 }, "end": { "line": 205, "column": 6 } },
      "139": { "start": { "line": 208, "column": 0 }, "end": { "line": 208, "column": 22 } },
      "140": { "start": { "line": 209, "column": 0 }, "end": { "line": 209, "column": 58 } },
      "141": { "start": { "line": 210, "column": 0 }, "end": { "line": 210, "column": 36 } },
      "142": { "start": { "line": 211, "column": 0 }, "end": { "line": 211, "column": 38 } },
      "143": { "start": { "line": 212, "column": 0 }, "end": { "line": 212, "column": 40 } }
    },
    "fnMap": {
      "0": {
        "name": "(anonymous_0)",
        "decl": { "start": { "line": 9, "column": 16 }, "end": { "line": 9, "column": 17 } },
        "loc": { "start": { "line": 9, "column": 41 }, "end": { "line": 27, "column": 1 } },
        "line": 9
      },
      "1": {
        "name": "(anonymous_1)",
        "decl": { "start": { "line": 10, "column": 11 }, "end": { "line": 10, "column": 12 } },
        "loc": { "start": { "line": 10, "column": 50 }, "end": { "line": 26, "column": 12 } },
        "line": 10
      },
      "2": {
        "name": "(anonymous_2)",
        "decl": { "start": { "line": 10, "column": 59 }, "end": { "line": 10, "column": 60 } },
        "loc": { "start": { "line": 10, "column": 80 }, "end": { "line": 26, "column": 9 } },
        "line": 10
      },
      "3": {
        "name": "(anonymous_3)",
        "decl": { "start": { "line": 10, "column": 129 }, "end": { "line": 10, "column": 130 } },
        "loc": { "start": { "line": 10, "column": 141 }, "end": { "line": 26, "column": 5 } },
        "line": 10
      },
      "4": {
        "name": "(anonymous_4)",
        "decl": { "start": { "line": 12, "column": 39 }, "end": { "line": 12, "column": 40 } },
        "loc": { "start": { "line": 12, "column": 53 }, "end": { "line": 25, "column": 9 } },
        "line": 12
      },
      "5": {
        "name": "(anonymous_5)",
        "decl": { "start": { "line": 28, "column": 20 }, "end": { "line": 28, "column": 21 } },
        "loc": { "start": { "line": 28, "column": 45 }, "end": { "line": 45, "column": 1 } },
        "line": 28
      },
      "6": {
        "name": "(anonymous_6)",
        "decl": { "start": { "line": 29, "column": 11 }, "end": { "line": 29, "column": 12 } },
        "loc": { "start": { "line": 29, "column": 40 }, "end": { "line": 44, "column": 12 } },
        "line": 29
      },
      "7": {
        "name": "(anonymous_7)",
        "decl": { "start": { "line": 29, "column": 49 }, "end": { "line": 29, "column": 50 } },
        "loc": { "start": { "line": 29, "column": 71 }, "end": { "line": 44, "column": 9 } },
        "line": 29
      },
      "8": {
        "name": "(anonymous_8)",
        "decl": { "start": { "line": 29, "column": 120 }, "end": { "line": 29, "column": 121 } },
        "loc": { "start": { "line": 29, "column": 132 }, "end": { "line": 44, "column": 5 } },
        "line": 29
      },
      "9": {
        "name": "(anonymous_9)",
        "decl": { "start": { "line": 31, "column": 39 }, "end": { "line": 31, "column": 40 } },
        "loc": { "start": { "line": 31, "column": 53 }, "end": { "line": 43, "column": 9 } },
        "line": 31
      },
      "10": {
        "name": "authorizeInit",
        "decl": { "start": { "line": 47, "column": 9 }, "end": { "line": 47, "column": 22 } },
        "loc": { "start": { "line": 47, "column": 38 }, "end": { "line": 52, "column": 1 } },
        "line": 47
      },
      "11": {
        "name": "getAbilityInit",
        "decl": { "start": { "line": 54, "column": 9 }, "end": { "line": 54, "column": 23 } },
        "loc": { "start": { "line": 54, "column": 39 }, "end": { "line": 71, "column": 1 } },
        "line": 54
      },
      "12": {
        "name": "getAbility",
        "decl": { "start": { "line": 55, "column": 20 }, "end": { "line": 55, "column": 30 } },
        "loc": { "start": { "line": 55, "column": 43 }, "end": { "line": 70, "column": 5 } },
        "line": 55
      },
      "13": {
        "name": "(anonymous_13)",
        "decl": { "start": { "line": 56, "column": 53 }, "end": { "line": 56, "column": 54 } },
        "loc": { "start": { "line": 56, "column": 65 }, "end": { "line": 69, "column": 9 } },
        "line": 56
      },
      "14": {
        "name": "(anonymous_14)",
        "decl": { "start": { "line": 58, "column": 43 }, "end": { "line": 58, "column": 44 } },
        "loc": { "start": { "line": 58, "column": 57 }, "end": { "line": 68, "column": 13 } },
        "line": 58
      },
      "15": {
        "name": "(anonymous_15)",
        "decl": { "start": { "line": 61, "column": 51 }, "end": { "line": 61, "column": 52 } },
        "loc": { "start": { "line": 61, "column": 65 }, "end": { "line": 64, "column": 25 } },
        "line": 61
      },
      "16": {
        "name": "(anonymous_16)",
        "decl": { "start": { "line": 73, "column": 45 }, "end": { "line": 73, "column": 46 } },
        "loc": { "start": { "line": 73, "column": 63 }, "end": { "line": 83, "column": 1 } },
        "line": 73
      },
      "17": {
        "name": "GuardAuthorizationError",
        "decl": { "start": { "line": 75, "column": 13 }, "end": { "line": 75, "column": 36 } },
        "loc": { "start": { "line": 75, "column": 41 }, "end": { "line": 81, "column": 5 } },
        "line": 75
      },
      "18": {
        "name": "(anonymous_18)",
        "decl": { "start": { "line": 91, "column": 16 }, "end": { "line": 91, "column": 17 } },
        "loc": { "start": { "line": 91, "column": 48 }, "end": { "line": 93, "column": 1 } },
        "line": 91
      },
      "19": {
        "name": "(anonymous_19)",
        "decl": { "start": { "line": 94, "column": 17 }, "end": { "line": 94, "column": 18 } },
        "loc": { "start": { "line": 94, "column": 51 }, "end": { "line": 96, "column": 1 } },
        "line": 94
      },
      "20": {
        "name": "(anonymous_20)",
        "decl": { "start": { "line": 97, "column": 26 }, "end": { "line": 97, "column": 27 } },
        "loc": { "start": { "line": 97, "column": 38 }, "end": { "line": 108, "column": 1 } },
        "line": 97
      },
      "21": {
        "name": "Rule",
        "decl": { "start": { "line": 98, "column": 13 }, "end": { "line": 98, "column": 17 } },
        "loc": { "start": { "line": 98, "column": 54 }, "end": { "line": 106, "column": 5 } },
        "line": 98
      },
      "22": {
        "name": "(anonymous_22)",
        "decl": { "start": { "line": 105, "column": 22 }, "end": { "line": 105, "column": 23 } },
        "loc": { "start": { "line": 105, "column": 40 }, "end": { "line": 105, "column": 79 } },
        "line": 105
      },
      "23": {
        "name": "(anonymous_23)",
        "decl": { "start": { "line": 109, "column": 27 }, "end": { "line": 109, "column": 28 } },
        "loc": { "start": { "line": 109, "column": 39 }, "end": { "line": 192, "column": 1 } },
        "line": 109
      },
      "24": {
        "name": "Guard",
        "decl": { "start": { "line": 110, "column": 13 }, "end": { "line": 110, "column": 18 } },
        "loc": { "start": { "line": 110, "column": 28 }, "end": { "line": 190, "column": 5 } },
        "line": 110
      },
      "25": {
        "name": "(anonymous_25)",
        "decl": { "start": { "line": 112, "column": 19 }, "end": { "line": 112, "column": 20 } },
        "loc": { "start": { "line": 112, "column": 59 }, "end": { "line": 174, "column": 13 } },
        "line": 112
      },
      "26": {
        "name": "(anonymous_26)",
        "decl": { "start": { "line": 112, "column": 107 }, "end": { "line": 112, "column": 108 } },
        "loc": { "start": { "line": 112, "column": 119 }, "end": { "line": 174, "column": 9 } },
        "line": 112
      },
      "27": {
        "name": "(anonymous_27)",
        "decl": { "start": { "line": 114, "column": 43 }, "end": { "line": 114, "column": 44 } },
        "loc": { "start": { "line": 114, "column": 57 }, "end": { "line": 173, "column": 13 } },
        "line": 114
      },
      "28": {
        "name": "(anonymous_28)",
        "decl": { "start": { "line": 175, "column": 37 }, "end": { "line": 175, "column": 38 } },
        "loc": { "start": { "line": 175, "column": 49 }, "end": { "line": 175, "column": 72 } },
        "line": 175
      },
      "29": {
        "name": "(anonymous_29)",
        "decl": { "start": { "line": 176, "column": 20 }, "end": { "line": 176, "column": 21 } },
        "loc": { "start": { "line": 176, "column": 56 }, "end": { "line": 180, "column": 9 } },
        "line": 176
      },
      "30": {
        "name": "(anonymous_30)",
        "decl": { "start": { "line": 181, "column": 23 }, "end": { "line": 181, "column": 24 } },
        "loc": { "start": { "line": 181, "column": 59 }, "end": { "line": 185, "column": 9 } },
        "line": 181
      },
      "31": {
        "name": "GuardBuilder",
        "decl": { "start": { "line": 193, "column": 9 }, "end": { "line": 193, "column": 21 } },
        "loc": { "start": { "line": 193, "column": 31 }, "end": { "line": 206, "column": 1 } },
        "line": 193
      }
    },
    "branchMap": {
      "0": {
        "loc": { "start": { "line": 13, "column": 12 }, "end": { "line": 24, "column": 13 } },
        "type": "switch",
        "locations": [
          { "start": { "line": 14, "column": 16 }, "end": { "line": 16, "column": 90 } },
          { "start": { "line": 17, "column": 16 }, "end": { "line": 23, "column": 63 } }
        ],
        "line": 13
      },
      "1": {
        "loc": { "start": { "line": 19, "column": 20 }, "end": { "line": 20, "column": 92 } },
        "type": "if",
        "locations": [
          { "start": { "line": 19, "column": 20 }, "end": { "line": 20, "column": 92 } },
          { "start": { "line": 19, "column": 20 }, "end": { "line": 20, "column": 92 } }
        ],
        "line": 19
      },
      "2": {
        "loc": { "start": { "line": 20, "column": 59 }, "end": { "line": 20, "column": 90 } },
        "type": "binary-expr",
        "locations": [
          { "start": { "line": 20, "column": 59 }, "end": { "line": 20, "column": 65 } },
          { "start": { "line": 20, "column": 69 }, "end": { "line": 20, "column": 90 } }
        ],
        "line": 20
      },
      "3": {
        "loc": { "start": { "line": 32, "column": 12 }, "end": { "line": 42, "column": 13 } },
        "type": "switch",
        "locations": [
          { "start": { "line": 33, "column": 16 }, "end": { "line": 35, "column": 91 } },
          { "start": { "line": 36, "column": 16 }, "end": { "line": 41, "column": 49 } }
        ],
        "line": 32
      },
      "4": {
        "loc": { "start": { "line": 38, "column": 20 }, "end": { "line": 39, "column": 92 } },
        "type": "if",
        "locations": [
          { "start": { "line": 38, "column": 20 }, "end": { "line": 39, "column": 92 } },
          { "start": { "line": 38, "column": 20 }, "end": { "line": 39, "column": 92 } }
        ],
        "line": 38
      },
      "5": {
        "loc": { "start": { "line": 39, "column": 59 }, "end": { "line": 39, "column": 90 } },
        "type": "binary-expr",
        "locations": [
          { "start": { "line": 39, "column": 59 }, "end": { "line": 39, "column": 65 } },
          { "start": { "line": 39, "column": 69 }, "end": { "line": 39, "column": 90 } }
        ],
        "line": 39
      },
      "6": {
        "loc": { "start": { "line": 59, "column": 16 }, "end": { "line": 67, "column": 17 } },
        "type": "switch",
        "locations": [
          { "start": { "line": 60, "column": 20 }, "end": { "line": 65, "column": 74 } },
          { "start": { "line": 66, "column": 20 }, "end": { "line": 66, "column": 61 } }
        ],
        "line": 59
      },
      "7": {
        "loc": { "start": { "line": 62, "column": 112 }, "end": { "line": 62, "column": 135 } },
        "type": "cond-expr",
        "locations": [
          { "start": { "line": 62, "column": 128 }, "end": { "line": 62, "column": 130 } },
          { "start": { "line": 62, "column": 133 }, "end": { "line": 62, "column": 135 } }
        ],
        "line": 62
      },
      "8": {
        "loc": { "start": { "line": 77, "column": 20 }, "end": { "line": 77, "column": 78 } },
        "type": "binary-expr",
        "locations": [
          { "start": { "line": 77, "column": 20 }, "end": { "line": 77, "column": 70 } },
          { "start": { "line": 77, "column": 74 }, "end": { "line": 77, "column": 78 } }
        ],
        "line": 77
      },
      "9": {
        "loc": { "start": { "line": 77, "column": 38 }, "end": { "line": 77, "column": 69 } },
        "type": "binary-expr",
        "locations": [
          { "start": { "line": 77, "column": 38 }, "end": { "line": 77, "column": 44 } },
          { "start": { "line": 77, "column": 48 }, "end": { "line": 77, "column": 69 } }
        ],
        "line": 77
      },
      "10": {
        "loc": { "start": { "line": 92, "column": 11 }, "end": { "line": 92, "column": 66 } },
        "type": "binary-expr",
        "locations": [
          { "start": { "line": 92, "column": 11 }, "end": { "line": 92, "column": 34 } },
          { "start": { "line": 92, "column": 38 }, "end": { "line": 92, "column": 66 } }
        ],
        "line": 92
      },
      "11": {
        "loc": { "start": { "line": 95, "column": 11 }, "end": { "line": 95, "column": 66 } },
        "type": "binary-expr",
        "locations": [
          { "start": { "line": 95, "column": 11 }, "end": { "line": 95, "column": 36 } },
          { "start": { "line": 95, "column": 40 }, "end": { "line": 95, "column": 66 } }
        ],
        "line": 95
      },
      "12": {
        "loc": { "start": { "line": 115, "column": 16 }, "end": { "line": 172, "column": 17 } },
        "type": "switch",
        "locations": [
          { "start": { "line": 116, "column": 20 }, "end": { "line": 123, "column": 37 } },
          { "start": { "line": 124, "column": 20 }, "end": { "line": 130, "column": 32 } },
          { "start": { "line": 131, "column": 20 }, "end": { "line": 133, "column": 48 } },
          { "start": { "line": 134, "column": 20 }, "end": { "line": 136, "column": 110 } },
          { "start": { "line": 137, "column": 20 }, "end": { "line": 141, "column": 37 } },
          { "start": { "line": 142, "column": 20 }, "end": { "line": 153, "column": 63 } },
          { "start": { "line": 154, "column": 20 }, "end": { "line": 162, "column": 48 } },
          { "start": { "line": 163, "column": 20 }, "end": { "line": 166, "column": 37 } },
          { "start": { "line": 167, "column": 20 }, "end": { "line": 167, "column": 53 } },
          { "start": { "line": 168, "column": 20 }, "end": { "line": 170, "column": 48 } },
          { "start": { "line": 171, "column": 20 }, "end": { "line": 171, "column": 81 } }
        ],
        "line": 115
      },
      "13": {
        "loc": { "start": { "line": 117, "column": 24 }, "end": { "line": 118, "column": 74 } },
        "type": "if",
        "locations": [
          { "start": { "line": 117, "column": 24 }, "end": { "line": 118, "column": 74 } },
          { "start": { "line": 117, "column": 24 }, "end": { "line": 118, "column": 74 } }
        ],
        "line": 117
      },
      "14": {
        "loc": { "start": { "line": 119, "column": 24 }, "end": { "line": 120, "column": 78 } },
        "type": "if",
        "locations": [
          { "start": { "line": 119, "column": 24 }, "end": { "line": 120, "column": 78 } },
          { "start": { "line": 119, "column": 24 }, "end": { "line": 120, "column": 78 } }
        ],
        "line": 119
      },
      "15": {
        "loc": { "start": { "line": 121, "column": 24 }, "end": { "line": 122, "column": 79 } },
        "type": "if",
        "locations": [
          { "start": { "line": 121, "column": 24 }, "end": { "line": 122, "column": 79 } },
          { "start": { "line": 121, "column": 24 }, "end": { "line": 122, "column": 79 } }
        ],
        "line": 121
      },
      "16": {
        "loc": { "start": { "line": 143, "column": 24 }, "end": { "line": 143, "column": 79 } },
        "type": "if",
        "locations": [
          { "start": { "line": 143, "column": 24 }, "end": { "line": 143, "column": 79 } },
          { "start": { "line": 143, "column": 24 }, "end": { "line": 143, "column": 79 } }
        ],
        "line": 143
      },
      "17": {
        "loc": { "start": { "line": 145, "column": 35 }, "end": { "line": 145, "column": 95 } },
        "type": "binary-expr",
        "locations": [
          { "start": { "line": 145, "column": 35 }, "end": { "line": 145, "column": 62 } },
          { "start": { "line": 145, "column": 66 }, "end": { "line": 145, "column": 95 } }
        ],
        "line": 145
      },
      "18": {
        "loc": { "start": { "line": 146, "column": 24 }, "end": { "line": 150, "column": 25 } },
        "type": "if",
        "locations": [
          { "start": { "line": 146, "column": 24 }, "end": { "line": 150, "column": 25 } },
          { "start": { "line": 146, "column": 24 }, "end": { "line": 150, "column": 25 } }
        ],
        "line": 146
      },
      "19": {
        "loc": { "start": { "line": 151, "column": 24 }, "end": { "line": 151, "column": 128 } },
        "type": "if",
        "locations": [
          { "start": { "line": 151, "column": 24 }, "end": { "line": 151, "column": 128 } },
          { "start": { "line": 151, "column": 24 }, "end": { "line": 151, "column": 128 } }
        ],
        "line": 151
      },
      "20": {
        "loc": { "start": { "line": 151, "column": 30 }, "end": { "line": 151, "column": 101 } },
        "type": "binary-expr",
        "locations": [
          { "start": { "line": 151, "column": 30 }, "end": { "line": 151, "column": 65 } },
          { "start": { "line": 151, "column": 69 }, "end": { "line": 151, "column": 101 } }
        ],
        "line": 151
      },
      "21": {
        "loc": { "start": { "line": 152, "column": 24 }, "end": { "line": 152, "column": 65 } },
        "type": "if",
        "locations": [
          { "start": { "line": 152, "column": 24 }, "end": { "line": 152, "column": 65 } },
          { "start": { "line": 152, "column": 24 }, "end": { "line": 152, "column": 65 } }
        ],
        "line": 152
      },
      "22": {
        "loc": { "start": { "line": 155, "column": 24 }, "end": { "line": 161, "column": 25 } },
        "type": "if",
        "locations": [
          { "start": { "line": 155, "column": 24 }, "end": { "line": 161, "column": 25 } },
          { "start": { "line": 155, "column": 24 }, "end": { "line": 161, "column": 25 } }
        ],
        "line": 155
      },
      "23": {
        "loc": { "start": { "line": 186, "column": 8 }, "end": { "line": 187, "column": 63 } },
        "type": "if",
        "locations": [
          { "start": { "line": 186, "column": 8 }, "end": { "line": 187, "column": 63 } },
          { "start": { "line": 186, "column": 8 }, "end": { "line": 187, "column": 63 } }
        ],
        "line": 186
      }
    },
    "s": {
      "0": 5,
      "1": 5,
      "2": 5,
      "3": 5,
      "4": 5,
      "5": 27,
      "6": 0,
      "7": 0,
      "8": 0,
      "9": 0,
      "10": 0,
      "11": 0,
      "12": 0,
      "13": 0,
      "14": 0,
      "15": 0,
      "16": 5,
      "17": 27,
      "18": 5,
      "19": 5,
      "20": 5,
      "21": 10,
      "22": 5,
      "23": 5,
      "24": 5,
      "25": 5,
      "26": 3,
      "27": 2,
      "28": 27,
      "29": 27,
      "30": 3,
      "31": 3,
      "32": 6,
      "33": 3,
      "34": 7,
      "35": 7,
      "36": 7,
      "37": 7,
      "38": 7,
      "39": 7,
      "40": 3,
      "41": 3,
      "42": 5,
      "43": 5,
      "44": 0,
      "45": 0,
      "46": 0,
      "47": 0,
      "48": 0,
      "49": 0,
      "50": 0,
      "51": 5,
      "52": 5,
      "53": 5,
      "54": 5,
      "55": 5,
      "56": 24,
      "57": 5,
      "58": 58,
      "59": 5,
      "60": 97,
      "61": 97,
      "62": 97,
      "63": 97,
      "64": 97,
      "65": 97,
      "66": 97,
      "67": 15,
      "68": 5,
      "69": 5,
      "70": 28,
      "71": 28,
      "72": 35,
      "73": 35,
      "74": 239,
      "75": 35,
      "76": 0,
      "77": 35,
      "78": 1,
      "79": 34,
      "80": 1,
      "81": 33,
      "82": 33,
      "83": 33,
      "84": 33,
      "85": 33,
      "86": 33,
      "87": 0,
      "88": 0,
      "89": 33,
      "90": 33,
      "91": 33,
      "92": 33,
      "93": 70,
      "94": 10,
      "95": 60,
      "96": 60,
      "97": 60,
      "98": 2,
      "99": 2,
      "100": 2,
      "101": 58,
      "102": 34,
      "103": 24,
      "104": 14,
      "105": 10,
      "106": 10,
      "107": 7,
      "108": 7,
      "109": 3,
      "110": 7,
      "111": 14,
      "112": 14,
      "113": 14,
      "114": 21,
      "115": 37,
      "116": 37,
      "117": 33,
      "118": 28,
      "119": 19,
      "120": 28,
      "121": 48,
      "122": 48,
      "123": 48,
      "124": 28,
      "125": 49,
      "126": 49,
      "127": 49,
      "128": 28,
      "129": 1,
      "130": 27,
      "131": 27,
      "132": 5,
      "133": 28,
      "134": 27,
      "135": 27,
      "136": 27,
      "137": 27,
      "138": 27,
      "139": 5,
      "140": 5,
      "141": 5,
      "142": 5,
      "143": 5
    },
    "f": {
      "0": 27,
      "1": 0,
      "2": 0,
      "3": 0,
      "4": 0,
      "5": 27,
      "6": 5,
      "7": 5,
      "8": 5,
      "9": 10,
      "10": 27,
      "11": 27,
      "12": 3,
      "13": 3,
      "14": 6,
      "15": 7,
      "16": 5,
      "17": 0,
      "18": 24,
      "19": 58,
      "20": 5,
      "21": 97,
      "22": 15,
      "23": 5,
      "24": 28,
      "25": 35,
      "26": 35,
      "27": 239,
      "28": 19,
      "29": 48,
      "30": 49,
      "31": 28
    },
    "b": {
      "0": [0, 0],
      "1": [0, 0],
      "2": [0, 0],
      "3": [5, 5],
      "4": [3, 2],
      "5": [3, 2],
      "6": [3, 3],
      "7": [4, 3],
      "8": [0, 0],
      "9": [0, 0],
      "10": [24, 5],
      "11": [58, 35],
      "12": [35, 33, 33, 0, 33, 70, 10, 14, 21, 37, 33],
      "13": [0, 35],
      "14": [1, 34],
      "15": [1, 33],
      "16": [10, 60],
      "17": [60, 3],
      "18": [2, 58],
      "19": [34, 24],
      "20": [58, 24],
      "21": [14, 10],
      "22": [7, 3],
      "23": [1, 27]
    },
    "inputSourceMap": null,
    "_coverageSchema": "1a1c01bbd47fc00a2c39e90264f33305004495a9",
    "hash": "e1da56df8cca0450b5ee38757eb98db9a663577e"
  },
  "/Users/nicolastorres/Documents/github/blitz-guard/packages/core/src/GuardAuthorizationError.ts": {
    "path": "/Users/nicolastorres/Documents/github/blitz-guard/packages/core/src/GuardAuthorizationError.ts",
    "statementMap": {
      "0": { "start": { "line": 2, "column": 0 }, "end": { "line": 2, "column": 42 } },
      "1": { "start": { "line": 4, "column": 0 }, "end": { "line": 5, "column": null } },
      "2": { "start": { "line": 5, "column": 10 }, "end": { "line": 5, "column": 28 } },
      "3": { "start": { "line": 10, "column": 23 }, "end": { "line": 10, "column": 25 } },
      "4": { "start": { "line": 10, "column": 33 }, "end": { "line": 10, "column": 35 } },
      "5": { "start": { "line": 10, "column": 41 }, "end": { "line": 10, "column": 86 } },
      "6": { "start": { "line": 11, "column": 4 }, "end": { "line": 11, "column": null } },
      "7": { "start": { "line": 7, "column": 2 }, "end": { "line": 7, "column": null } },
      "8": { "start": { "line": 12, "column": 4 }, "end": { "line": 12, "column": null } },
      "9": { "start": { "line": 14, "column": 0 }, "end": { "line": 14, "column": null } },
      "10": { "start": { "line": 16, "column": 9 }, "end": { "line": 16, "column": 32 } }
    },
    "fnMap": {
      "0": {
        "name": "(anonymous_0)",
        "decl": { "start": { "line": 4, "column": 0 }, "end": { "line": 4, "column": null } },
        "loc": { "start": { "line": 4, "column": 0 }, "end": { "line": 14, "column": null } }
      },
      "1": {
        "name": "GuardAuthorizationError",
        "decl": { "start": { "line": 10, "column": 2 }, "end": { "line": 10, "column": 14 } },
        "loc": { "start": { "line": 10, "column": 86 }, "end": { "line": 13, "column": 3 } }
      }
    },
    "branchMap": {
      "0": {
        "loc": { "start": { "line": 11, "column": 4 }, "end": { "line": 11, "column": 42 } },
        "type": "binary-expr",
        "locations": [
          { "start": { "line": 11, "column": 4 }, "end": { "line": 11, "column": 42 } },
          { "start": { "line": 11, "column": 42 }, "end": { "line": 11, "column": null } }
        ]
      },
      "1": {
        "loc": { "start": { "line": 11, "column": 10 }, "end": { "line": 11, "column": 16 } },
        "type": "binary-expr",
        "locations": [
          { "start": { "line": 11, "column": 10 }, "end": { "line": 11, "column": 16 } },
          { "start": { "line": 11, "column": 20 }, "end": { "line": 11, "column": 41 } }
        ]
      }
    },
    "s": {
      "0": 1,
      "1": 1,
      "2": 1,
      "3": 0,
      "4": 0,
      "5": 0,
      "6": 0,
      "7": 0,
      "8": 0,
      "9": 1,
      "10": 1
    },
    "f": { "0": 1, "1": 0 },
    "b": { "0": [0, 0], "1": [0, 0] }
  },
  "/Users/nicolastorres/Documents/github/blitz-guard/packages/core/src/authorize.ts": {
    "path": "/Users/nicolastorres/Documents/github/blitz-guard/packages/core/src/authorize.ts",
    "statementMap": {
      "0": { "start": { "line": 1, "column": 0 }, "end": { "line": 1, "column": 47 } },
      "1": { "start": { "line": 5, "column": 25 }, "end": { "line": 18, "column": 1 } },
      "2": { "start": { "line": 8, "column": 2 }, "end": { "line": 17, "column": null } },
      "3": { "start": { "line": 8, "column": 42 }, "end": { "line": 17, "column": null } },
      "4": { "start": { "line": 8, "column": 58 }, "end": { "line": 17, "column": null } },
      "5": { "start": { "line": 9, "column": 6 }, "end": { "line": 9, "column": null } },
      "6": { "start": { "line": 10, "column": 42 }, "end": { "line": 10, "column": null } },
      "7": { "start": { "line": 10, "column": 10 }, "end": { "line": 10, "column": 42 } },
      "8": { "start": { "line": 12, "column": 4 }, "end": { "line": 12, "column": null } },
      "9": { "start": { "line": 12, "column": 23 }, "end": { "line": 12, "column": null } },
      "10": { "start": { "line": 16, "column": 4 }, "end": { "line": 16, "column": null } },
      "11": { "start": { "line": 5, "column": 13 }, "end": { "line": 5, "column": 25 } },
      "12": { "start": { "line": 20, "column": 29 }, "end": { "line": 33, "column": 1 } },
      "13": { "start": { "line": 23, "column": 2 }, "end": { "line": 32, "column": null } },
      "14": { "start": { "line": 23, "column": 32 }, "end": { "line": 32, "column": null } },
      "15": { "start": { "line": 23, "column": 49 }, "end": { "line": 32, "column": null } },
      "16": { "start": { "line": 24, "column": 6 }, "end": { "line": 24, "column": null } },
      "17": { "start": { "line": 25, "column": 42 }, "end": { "line": 25, "column": null } },
      "18": { "start": { "line": 25, "column": 10 }, "end": { "line": 25, "column": 42 } },
      "19": { "start": { "line": 27, "column": 4 }, "end": { "line": 27, "column": null } },
      "20": { "start": { "line": 27, "column": 23 }, "end": { "line": 27, "column": null } },
      "21": { "start": { "line": 31, "column": 4 }, "end": { "line": 31, "column": null } },
      "22": { "start": { "line": 20, "column": 13 }, "end": { "line": 20, "column": 29 } }
    },
    "fnMap": {
      "0": {
        "name": "(anonymous_0)",
        "decl": { "start": { "line": 5, "column": 25 }, "end": { "line": 5, "column": null } },
        "loc": { "start": { "line": 6, "column": 44 }, "end": { "line": 18, "column": 1 } }
      },
      "1": {
        "name": "(anonymous_1)",
        "decl": { "start": { "line": 8, "column": 9 }, "end": { "line": 8, "column": 10 } },
        "loc": { "start": { "line": 8, "column": 37 }, "end": { "line": 8, "column": 49 } }
      },
      "2": {
        "name": "(anonymous_2)",
        "decl": { "start": { "line": 8, "column": 42 }, "end": { "line": 8, "column": 49 } },
        "loc": { "start": { "line": 8, "column": 58 }, "end": { "line": 17, "column": null } }
      },
      "3": {
        "name": "(anonymous_3)",
        "decl": { "start": { "line": 8, "column": 58 }, "end": { "line": 8, "column": null } },
        "loc": { "start": { "line": 8, "column": 58 }, "end": { "line": 17, "column": null } }
      },
      "4": {
        "name": "(anonymous_5)",
        "decl": { "start": { "line": 20, "column": 29 }, "end": { "line": 20, "column": null } },
        "loc": { "start": { "line": 21, "column": 44 }, "end": { "line": 33, "column": 1 } }
      },
      "5": {
        "name": "(anonymous_6)",
        "decl": { "start": { "line": 23, "column": 9 }, "end": { "line": 23, "column": 10 } },
        "loc": { "start": { "line": 23, "column": 27 }, "end": { "line": 23, "column": 39 } }
      },
      "6": {
        "name": "(anonymous_7)",
        "decl": { "start": { "line": 23, "column": 32 }, "end": { "line": 23, "column": 39 } },
        "loc": { "start": { "line": 23, "column": 49 }, "end": { "line": 32, "column": null } }
      },
      "7": {
        "name": "(anonymous_8)",
        "decl": { "start": { "line": 23, "column": 49 }, "end": { "line": 23, "column": null } },
        "loc": { "start": { "line": 23, "column": 49 }, "end": { "line": 32, "column": null } }
      }
    },
    "branchMap": {
      "0": {
        "loc": { "start": { "line": 12, "column": 4 }, "end": { "line": 12, "column": null } },
        "type": "if",
        "locations": [
          { "start": { "line": 12, "column": 4 }, "end": { "line": 12, "column": null } },
          { "start": { "line": 12, "column": 4 }, "end": { "line": 12, "column": null } }
        ]
      },
      "1": {
        "loc": { "start": { "line": 12, "column": 52 }, "end": { "line": 12, "column": 58 } },
        "type": "binary-expr",
        "locations": [
          { "start": { "line": 12, "column": 52 }, "end": { "line": 12, "column": 58 } },
          { "start": { "line": 12, "column": 62 }, "end": { "line": 12, "column": 83 } }
        ]
      },
      "2": {
        "loc": { "start": { "line": 27, "column": 4 }, "end": { "line": 27, "column": null } },
        "type": "if",
        "locations": [
          { "start": { "line": 27, "column": 4 }, "end": { "line": 27, "column": null } },
          { "start": { "line": 27, "column": 4 }, "end": { "line": 27, "column": null } }
        ]
      },
      "3": {
        "loc": { "start": { "line": 27, "column": 52 }, "end": { "line": 27, "column": 58 } },
        "type": "binary-expr",
        "locations": [
          { "start": { "line": 27, "column": 52 }, "end": { "line": 27, "column": 58 } },
          { "start": { "line": 27, "column": 62 }, "end": { "line": 27, "column": 83 } }
        ]
      }
    },
    "s": {
      "0": 1,
      "1": 1,
      "2": 1,
      "3": 4,
      "4": 4,
      "5": 4,
      "6": 4,
      "7": 4,
      "8": 4,
      "9": 1,
      "10": 3,
      "11": 1,
      "12": 1,
      "13": 1,
      "14": 0,
      "15": 0,
      "16": 0,
      "17": 0,
      "18": 0,
      "19": 0,
      "20": 0,
      "21": 0,
      "22": 1
    },
    "f": { "0": 1, "1": 4, "2": 4, "3": 4, "4": 1, "5": 0, "6": 0, "7": 0 },
    "b": { "0": [1, 3], "1": [1, 0], "2": [0, 0], "3": [0, 0] }
  },
  "/Users/nicolastorres/Documents/github/blitz-guard/packages/core/src/authorizeInit.ts": {
    "path": "/Users/nicolastorres/Documents/github/blitz-guard/packages/core/src/authorizeInit.ts",
    "statementMap": {
      "0": { "start": { "line": 2, "column": 0 }, "end": { "line": 2, "column": 54 } },
      "1": { "start": { "line": 5, "column": 2 }, "end": { "line": 8, "column": null } },
      "2": { "start": { "line": 4, "column": 0 }, "end": { "line": 4, "column": 16 } }
    },
    "fnMap": {
      "0": {
        "name": "authorizeInit",
        "decl": { "start": { "line": 4, "column": 16 }, "end": { "line": 4, "column": 29 } },
        "loc": { "start": { "line": 4, "column": 93 }, "end": { "line": 9, "column": 1 } }
      }
    },
    "branchMap": {},
    "s": { "0": 1, "1": 1, "2": 1 },
    "f": { "0": 1 },
    "b": {}
  },
  "/Users/nicolastorres/Documents/github/blitz-guard/packages/core/src/const.ts": {
    "path": "/Users/nicolastorres/Documents/github/blitz-guard/packages/core/src/const.ts",
    "statementMap": {
      "0": { "start": { "line": 1, "column": 0 }, "end": { "line": 1, "column": 41 } },
      "1": { "start": { "line": 3, "column": 13 }, "end": { "line": 3, "column": null } },
      "2": { "start": { "line": 4, "column": 13 }, "end": { "line": 4, "column": null } },
      "3": { "start": { "line": 6, "column": 13 }, "end": { "line": 12, "column": null } }
    },
    "fnMap": {},
    "branchMap": {},
    "s": { "0": 1, "1": 1, "2": 1, "3": 1 },
    "f": {},
    "b": {}
  },
  "/Users/nicolastorres/Documents/github/blitz-guard/packages/core/src/getAbility.ts": {
    "path": "/Users/nicolastorres/Documents/github/blitz-guard/packages/core/src/getAbility.ts",
    "statementMap": {
      "0": { "start": { "line": 4, "column": 2 }, "end": { "line": 9, "column": null } },
      "1": { "start": { "line": 5, "column": 10 }, "end": { "line": 7, "column": null } },
      "2": { "start": { "line": 5, "column": 38 }, "end": { "line": 5, "column": 39 } },
      "3": { "start": { "line": 5, "column": 46 }, "end": { "line": 5, "column": 48 } },
      "4": { "start": { "line": 5, "column": 56 }, "end": { "line": 5, "column": 58 } },
      "5": { "start": { "line": 5, "column": 58 }, "end": { "line": 5, "column": 62 } },
      "6": { "start": { "line": 5, "column": 62 }, "end": { "line": 5, "column": 68 } },
      "7": { "start": { "line": 6, "column": 6 }, "end": { "line": 6, "column": null } },
      "8": { "start": { "line": 8, "column": 11 }, "end": { "line": 8, "column": null } },
      "9": { "start": { "line": 8, "column": 4 }, "end": { "line": 8, "column": null } },
      "10": { "start": { "line": 3, "column": 0 }, "end": { "line": 3, "column": 16 } }
    },
    "fnMap": {
      "0": {
        "name": "getAbilityInit",
        "decl": { "start": { "line": 3, "column": 16 }, "end": { "line": 3, "column": 30 } },
        "loc": { "start": { "line": 3, "column": 64 }, "end": { "line": 10, "column": 1 } }
      },
      "1": {
        "name": "getAbility",
        "decl": { "start": { "line": 4, "column": 24 }, "end": { "line": 4, "column": 34 } },
        "loc": { "start": { "line": 4, "column": 45 }, "end": { "line": 9, "column": null } }
      },
      "2": {
        "name": "(anonymous_4)",
        "decl": { "start": { "line": 5, "column": 37 }, "end": { "line": 5, "column": 38 } },
        "loc": { "start": { "line": 5, "column": 68 }, "end": { "line": 6, "column": 19 } }
      }
    },
    "branchMap": {
      "0": {
        "loc": { "start": { "line": 8, "column": 4 }, "end": { "line": 8, "column": null } },
        "type": "switch",
        "locations": [{ "start": { "line": 8, "column": 4 }, "end": { "line": 8, "column": null } }]
      },
      "1": {
        "loc": { "start": { "line": 5, "column": 65 }, "end": { "line": 5, "column": 67 } },
        "type": "cond-expr",
        "locations": [
          { "start": { "line": 5, "column": 65 }, "end": { "line": 5, "column": 67 } },
          { "start": { "line": 5, "column": 67 }, "end": { "line": 5, "column": 68 } }
        ]
      }
    },
    "s": {
      "0": 1,
      "1": 0,
      "2": 0,
      "3": 0,
      "4": 0,
      "5": 0,
      "6": 0,
      "7": 0,
      "8": 0,
      "9": 0,
      "10": 1
    },
    "f": { "0": 1, "1": 0, "2": 0 },
    "b": { "0": [0], "1": [0, 0] }
  },
  "/Users/nicolastorres/Documents/github/blitz-guard/packages/core/src/guard.ts": {
    "path": "/Users/nicolastorres/Documents/github/blitz-guard/packages/core/src/guard.ts",
    "statementMap": {
      "0": { "start": { "line": 12, "column": 0 }, "end": { "line": 12, "column": 37 } },
      "1": { "start": { "line": 13, "column": 0 }, "end": { "line": 13, "column": 47 } },
      "2": { "start": { "line": 14, "column": 0 }, "end": { "line": 14, "column": 45 } },
      "3": { "start": { "line": 18, "column": 18 }, "end": { "line": 19, "column": 13 } },
      "4": { "start": { "line": 19, "column": 2 }, "end": { "line": 19, "column": null } },
      "5": { "start": { "line": 21, "column": 19 }, "end": { "line": 22, "column": 14 } },
      "6": { "start": { "line": 22, "column": 2 }, "end": { "line": 22, "column": null } },
      "7": { "start": { "line": 24, "column": 0 }, "end": { "line": 24, "column": null } },
      "8": { "start": { "line": 27, "column": 2 }, "end": { "line": 27, "column": null } },
      "9": { "start": { "line": 28, "column": 11 }, "end": { "line": 28, "column": 28 } },
      "10": { "start": { "line": 29, "column": 11 }, "end": { "line": 29, "column": 41 } },
      "11": { "start": { "line": 30, "column": 11 }, "end": { "line": 30, "column": 44 } },
      "12": { "start": { "line": 31, "column": 11 }, "end": { "line": 31, "column": 50 } },
      "13": { "start": { "line": 25, "column": 9 }, "end": { "line": 25, "column": null } },
      "14": { "start": { "line": 34, "column": 2 }, "end": { "line": 34, "column": null } },
      "15": { "start": { "line": 34, "column": 31 }, "end": { "line": 34, "column": null } },
      "16": { "start": { "line": 35, "column": 0 }, "end": { "line": 35, "column": null } },
      "17": { "start": { "line": 36, "column": 0 }, "end": { "line": 36, "column": 13 } },
      "18": { "start": { "line": 40, "column": 2 }, "end": { "line": 40, "column": 14 } },
      "19": { "start": { "line": 46, "column": 2 }, "end": { "line": 91, "column": null } },
      "20": { "start": { "line": 46, "column": 58 }, "end": { "line": 91, "column": null } },
      "21": { "start": { "line": 47, "column": 4 }, "end": { "line": 47, "column": null } },
      "22": { "start": { "line": 47, "column": 14 }, "end": { "line": 47, "column": null } },
      "23": { "start": { "line": 48, "column": 4 }, "end": { "line": 48, "column": null } },
      "24": { "start": { "line": 48, "column": 18 }, "end": { "line": 48, "column": null } },
      "25": { "start": { "line": 49, "column": 4 }, "end": { "line": 49, "column": null } },
      "26": { "start": { "line": 49, "column": 19 }, "end": { "line": 49, "column": null } },
      "27": { "start": { "line": 52, "column": 6 }, "end": { "line": 52, "column": null } },
      "28": { "start": { "line": 53, "column": 6 }, "end": { "line": 56, "column": null } },
      "29": { "start": { "line": 58, "column": 6 }, "end": { "line": 58, "column": null } },
      "30": { "start": { "line": 61, "column": 8 }, "end": { "line": 61, "column": null } },
      "31": { "start": { "line": 62, "column": 8 }, "end": { "line": 62, "column": null } },
      "32": { "start": { "line": 63, "column": 13 }, "end": { "line": 63, "column": 20 } },
      "33": { "start": { "line": 63, "column": 20 }, "end": { "line": 63, "column": 43 } },
      "34": { "start": { "line": 63, "column": 41 }, "end": { "line": 63, "column": 43 } },
      "35": { "start": { "line": 64, "column": 12 }, "end": { "line": 64, "column": null } },
      "36": { "start": { "line": 66, "column": 12 }, "end": { "line": 66, "column": null } },
      "37": { "start": { "line": 68, "column": 6 }, "end": { "line": 72, "column": null } },
      "38": { "start": { "line": 69, "column": 8 }, "end": { "line": 69, "column": null } },
      "39": { "start": { "line": 70, "column": 8 }, "end": { "line": 70, "column": null } },
      "40": { "start": { "line": 71, "column": 8 }, "end": { "line": 71, "column": 13 } },
      "41": { "start": { "line": 74, "column": 10 }, "end": { "line": 74, "column": 20 } },
      "42": { "start": { "line": 75, "column": 12 }, "end": { "line": 75, "column": 16 } },
      "43": { "start": { "line": 76, "column": 14 }, "end": { "line": 76, "column": 38 } },
      "44": { "start": { "line": 76, "column": 10 }, "end": { "line": 81, "column": null } },
      "45": { "start": { "line": 77, "column": 12 }, "end": { "line": 77, "column": null } },
      "46": { "start": { "line": 78, "column": 12 }, "end": { "line": 78, "column": null } },
      "47": { "start": { "line": 80, "column": 12 }, "end": { "line": 80, "column": 20 } },
      "48": { "start": { "line": 83, "column": 10 }, "end": { "line": 83, "column": null } },
      "49": { "start": { "line": 84, "column": 10 }, "end": { "line": 84, "column": null } },
      "50": { "start": { "line": 87, "column": 8 }, "end": { "line": 87, "column": 13 } },
      "51": { "start": { "line": 63, "column": 43 }, "end": { "line": 63, "column": null } },
      "52": { "start": { "line": 90, "column": 4 }, "end": { "line": 90, "column": null } },
      "53": { "start": { "line": 93, "column": 2 }, "end": { "line": 93, "column": null } },
      "54": { "start": { "line": 93, "column": 32 }, "end": { "line": 93, "column": null } },
      "55": { "start": { "line": 95, "column": 2 }, "end": { "line": 99, "column": null } },
      "56": { "start": { "line": 96, "column": 20 }, "end": { "line": 96, "column": 66 } },
      "57": { "start": { "line": 97, "column": 4 }, "end": { "line": 97, "column": null } },
      "58": { "start": { "line": 98, "column": 4 }, "end": { "line": 98, "column": null } },
      "59": { "start": { "line": 101, "column": 2 }, "end": { "line": 105, "column": null } },
      "60": { "start": { "line": 102, "column": 20 }, "end": { "line": 102, "column": 67 } },
      "61": { "start": { "line": 103, "column": 4 }, "end": { "line": 103, "column": null } },
      "62": { "start": { "line": 104, "column": 4 }, "end": { "line": 104, "column": null } },
      "63": { "start": { "line": 41, "column": 4 }, "end": { "line": 41, "column": null } },
      "64": { "start": { "line": 41, "column": 18 }, "end": { "line": 41, "column": null } },
      "65": { "start": { "line": 42, "column": 4 }, "end": { "line": 42, "column": null } },
      "66": { "start": { "line": 43, "column": 4 }, "end": { "line": 43, "column": null } },
      "67": { "start": { "line": 106, "column": 0 }, "end": { "line": 106, "column": null } },
      "68": { "start": { "line": 36, "column": 13 }, "end": { "line": 36, "column": 18 } },
      "69": { "start": { "line": 109, "column": 19 }, "end": { "line": 109, "column": 43 } },
      "70": { "start": { "line": 110, "column": 39 }, "end": { "line": 110, "column": 68 } },
      "71": { "start": { "line": 110, "column": 19 }, "end": { "line": 110, "column": 21 } },
      "72": { "start": { "line": 110, "column": 34 }, "end": { "line": 110, "column": 39 } },
      "73": { "start": { "line": 111, "column": 21 }, "end": { "line": 111, "column": 51 } },
      "74": { "start": { "line": 116, "column": 2 }, "end": { "line": 122, "column": null } },
      "75": { "start": { "line": 108, "column": 0 }, "end": { "line": 108, "column": 16 } }
    },
    "fnMap": {
      "0": {
        "name": "(anonymous_0)",
        "decl": { "start": { "line": 18, "column": 18 }, "end": { "line": 18, "column": 22 } },
        "loc": { "start": { "line": 18, "column": 74 }, "end": { "line": 19, "column": 13 } }
      },
      "1": {
        "name": "(anonymous_1)",
        "decl": { "start": { "line": 21, "column": 19 }, "end": { "line": 21, "column": 23 } },
        "loc": { "start": { "line": 21, "column": 79 }, "end": { "line": 22, "column": 14 } }
      },
      "2": {
        "name": "(anonymous_2)",
        "decl": { "start": { "line": 24, "column": 0 }, "end": { "line": 24, "column": null } },
        "loc": { "start": { "line": 24, "column": 0 }, "end": { "line": 35, "column": null } }
      },
      "3": {
        "name": "Rule",
        "decl": { "start": { "line": 27, "column": 2 }, "end": { "line": 27, "column": null } },
        "loc": { "start": { "line": 31, "column": 50 }, "end": { "line": 32, "column": 6 } }
      },
      "4": {
        "name": "(anonymous_4)",
        "decl": { "start": { "line": 34, "column": 11 }, "end": { "line": 34, "column": 12 } },
        "loc": { "start": { "line": 34, "column": 26 }, "end": { "line": 34, "column": 32 } }
      },
      "5": {
        "name": "(anonymous_5)",
        "decl": { "start": { "line": 36, "column": 0 }, "end": { "line": 36, "column": 13 } },
        "loc": { "start": { "line": 36, "column": 0 }, "end": { "line": 106, "column": null } }
      },
      "6": {
        "name": "Guard",
        "decl": { "start": { "line": 40, "column": 2 }, "end": { "line": 40, "column": 14 } },
        "loc": { "start": { "line": 40, "column": 39 }, "end": { "line": 44, "column": 3 } }
      },
      "7": {
        "name": "(anonymous_7)",
        "decl": { "start": { "line": 46, "column": 23 }, "end": { "line": 46, "column": 30 } },
        "loc": { "start": { "line": 46, "column": 58 }, "end": { "line": 91, "column": null } }
      },
      "8": {
        "name": "(anonymous_8)",
        "decl": { "start": { "line": 46, "column": 58 }, "end": { "line": 46, "column": null } },
        "loc": { "start": { "line": 46, "column": 58 }, "end": { "line": 91, "column": null } }
      },
      "9": {
        "name": "(anonymous_10)",
        "decl": { "start": { "line": 93, "column": 26 }, "end": { "line": 93, "column": 32 } },
        "loc": { "start": { "line": 93, "column": 26 }, "end": { "line": 93, "column": 36 } }
      },
      "10": {
        "name": "(anonymous_11)",
        "decl": { "start": { "line": 95, "column": 25 }, "end": { "line": 95, "column": 26 } },
        "loc": { "start": { "line": 95, "column": 50 }, "end": { "line": 99, "column": 3 } }
      },
      "11": {
        "name": "(anonymous_12)",
        "decl": { "start": { "line": 101, "column": 31 }, "end": { "line": 101, "column": 32 } },
        "loc": { "start": { "line": 101, "column": 56 }, "end": { "line": 105, "column": 3 } }
      },
      "12": {
        "name": "GuardBuilder",
        "decl": { "start": { "line": 108, "column": 16 }, "end": { "line": 108, "column": 28 } },
        "loc": { "start": { "line": 108, "column": 72 }, "end": { "line": 123, "column": 1 } }
      }
    },
    "branchMap": {
      "0": {
        "loc": { "start": { "line": 19, "column": 2 }, "end": { "line": 19, "column": 25 } },
        "type": "binary-expr",
        "locations": [
          { "start": { "line": 19, "column": 2 }, "end": { "line": 19, "column": 25 } },
          { "start": { "line": 19, "column": 29 }, "end": { "line": 19, "column": 57 } }
        ]
      },
      "1": {
        "loc": { "start": { "line": 22, "column": 2 }, "end": { "line": 22, "column": 27 } },
        "type": "binary-expr",
        "locations": [
          { "start": { "line": 22, "column": 2 }, "end": { "line": 22, "column": 27 } },
          { "start": { "line": 22, "column": 31 }, "end": { "line": 22, "column": 57 } }
        ]
      },
      "2": {
        "loc": { "start": { "line": 87, "column": 8 }, "end": { "line": 87, "column": 13 } },
        "type": "switch",
        "locations": [
          { "start": { "line": 87, "column": 8 }, "end": { "line": 87, "column": 13 } },
          { "start": { "line": 90, "column": 4 }, "end": { "line": 90, "column": null } }
        ]
      },
      "3": {
        "loc": { "start": { "line": 47, "column": 4 }, "end": { "line": 47, "column": null } },
        "type": "if",
        "locations": [
          { "start": { "line": 47, "column": 4 }, "end": { "line": 47, "column": null } },
          { "start": { "line": 47, "column": 4 }, "end": { "line": 47, "column": null } }
        ]
      },
      "4": {
        "loc": { "start": { "line": 48, "column": 4 }, "end": { "line": 48, "column": null } },
        "type": "if",
        "locations": [
          { "start": { "line": 48, "column": 4 }, "end": { "line": 48, "column": null } },
          { "start": { "line": 48, "column": 4 }, "end": { "line": 48, "column": null } }
        ]
      },
      "5": {
        "loc": { "start": { "line": 49, "column": 4 }, "end": { "line": 49, "column": null } },
        "type": "if",
        "locations": [
          { "start": { "line": 49, "column": 4 }, "end": { "line": 49, "column": null } },
          { "start": { "line": 49, "column": 4 }, "end": { "line": 49, "column": null } }
        ]
      },
      "6": {
        "loc": { "start": { "line": 63, "column": 20 }, "end": { "line": 63, "column": 43 } },
        "type": "if",
        "locations": [
          { "start": { "line": 63, "column": 20 }, "end": { "line": 63, "column": 43 } },
          { "start": { "line": 63, "column": 20 }, "end": { "line": 63, "column": 43 } }
        ]
      },
      "7": {
        "loc": { "start": { "line": 66, "column": 23 }, "end": { "line": 66, "column": 50 } },
        "type": "binary-expr",
        "locations": [
          { "start": { "line": 66, "column": 23 }, "end": { "line": 66, "column": 50 } },
          { "start": { "line": 66, "column": 54 }, "end": { "line": 66, "column": 83 } }
        ]
      },
      "8": {
        "loc": { "start": { "line": 68, "column": 6 }, "end": { "line": 72, "column": null } },
        "type": "if",
        "locations": [
          { "start": { "line": 68, "column": 6 }, "end": { "line": 72, "column": null } },
          { "start": { "line": 68, "column": 6 }, "end": { "line": 72, "column": null } }
        ]
      },
      "9": {
        "loc": { "start": { "line": 74, "column": 10 }, "end": { "line": 74, "column": 20 } },
        "type": "if",
        "locations": [
          { "start": { "line": 74, "column": 10 }, "end": { "line": 74, "column": 20 } },
          { "start": { "line": 74, "column": 10 }, "end": { "line": 74, "column": 20 } }
        ]
      },
      "10": {
        "loc": { "start": { "line": 74, "column": 10 }, "end": { "line": 74, "column": 45 } },
        "type": "binary-expr",
        "locations": [
          { "start": { "line": 74, "column": 10 }, "end": { "line": 74, "column": 45 } },
          { "start": { "line": 74, "column": 49 }, "end": { "line": 74, "column": 81 } }
        ]
      },
      "11": {
        "loc": { "start": { "line": 75, "column": 12 }, "end": { "line": 75, "column": 16 } },
        "type": "if",
        "locations": [
          { "start": { "line": 75, "column": 12 }, "end": { "line": 75, "column": 16 } },
          { "start": { "line": 75, "column": 12 }, "end": { "line": 75, "column": 16 } }
        ]
      },
      "12": {
        "loc": { "start": { "line": 76, "column": 10 }, "end": { "line": 81, "column": null } },
        "type": "if",
        "locations": [
          { "start": { "line": 76, "column": 10 }, "end": { "line": 81, "column": null } },
          { "start": { "line": 76, "column": 10 }, "end": { "line": 81, "column": null } }
        ]
      },
      "13": {
        "loc": { "start": { "line": 41, "column": 4 }, "end": { "line": 41, "column": null } },
        "type": "if",
        "locations": [
          { "start": { "line": 41, "column": 4 }, "end": { "line": 41, "column": null } },
          { "start": { "line": 41, "column": 4 }, "end": { "line": 41, "column": null } }
        ]
      }
    },
    "s": {
      "0": 1,
      "1": 1,
      "2": 1,
      "3": 1,
      "4": 4,
      "5": 1,
      "6": 9,
      "7": 1,
      "8": 16,
      "9": 16,
      "10": 16,
      "11": 16,
      "12": 16,
      "13": 16,
      "14": 16,
      "15": 4,
      "16": 1,
      "17": 1,
      "18": 1,
      "19": 1,
      "20": 4,
      "21": 4,
      "22": 0,
      "23": 4,
      "24": 0,
      "25": 4,
      "26": 0,
      "27": 4,
      "28": 8,
      "29": 0,
      "30": 4,
      "31": 4,
      "32": 4,
      "33": 9,
      "34": 0,
      "35": 9,
      "36": 9,
      "37": 9,
      "38": 0,
      "39": 0,
      "40": 0,
      "41": 14,
      "42": 8,
      "43": 0,
      "44": 0,
      "45": 0,
      "46": 0,
      "47": 0,
      "48": 4,
      "49": 4,
      "50": 4,
      "51": 5,
      "52": 4,
      "53": 1,
      "54": 0,
      "55": 1,
      "56": 8,
      "57": 8,
      "58": 8,
      "59": 1,
      "60": 8,
      "61": 8,
      "62": 8,
      "63": 1,
      "64": 0,
      "65": 1,
      "66": 1,
      "67": 1,
      "68": 1,
      "69": 1,
      "70": 1,
      "71": 1,
      "72": 1,
      "73": 1,
      "74": 1,
      "75": 1
    },
    "f": {
      "0": 4,
      "1": 9,
      "2": 1,
      "3": 16,
      "4": 4,
      "5": 1,
      "6": 1,
      "7": 4,
      "8": 4,
      "9": 0,
      "10": 8,
      "11": 8,
      "12": 1
    },
    "b": {
      "0": [4, 0],
      "1": [9, 5],
      "2": [4, 4],
      "3": [0, 4],
      "4": [0, 4],
      "5": [0, 4],
      "6": [0, 9],
      "7": [9, 0],
      "8": [0, 9],
      "9": [5, 4],
      "10": [9, 4],
      "11": [4, 0],
      "12": [0, 0],
      "13": [0, 1]
    }
  }
}
