TN:
SF:index.ts
FN:1,(anonymous_0)
FN:2,(anonymous_1)
FN:3,(anonymous_2)
FNF:3
FNH:0
FNDA:0,(anonymous_0)
FNDA:0,(anonymous_1)
FNDA:0,(anonymous_2)
DA:1,1
DA:2,1
DA:3,1
DA:5,1
DA:6,1
LF:5
LH:5
BRF:0
BRH:0
end_of_record
TN:
SF:dist/index.js
FN:9,(anonymous_0)
FN:10,(anonymous_1)
FN:10,(anonymous_2)
FN:10,(anonymous_3)
FN:12,(anonymous_4)
FN:28,(anonymous_5)
FN:29,(anonymous_6)
FN:29,(anonymous_7)
FN:29,(anonymous_8)
FN:31,(anonymous_9)
FN:47,authorizeInit
FN:54,getAbilityInit
FN:55,getAbility
FN:56,(anonymous_13)
FN:58,(anonymous_14)
FN:61,(anonymous_15)
FN:73,(anonymous_16)
FN:75,GuardAuthorizationError
FN:91,(anonymous_18)
FN:94,(anonymous_19)
FN:97,(anonymous_20)
FN:98,Rule
FN:105,(anonymous_22)
FN:109,(anonymous_23)
FN:110,Guard
FN:112,(anonymous_25)
FN:112,(anonymous_26)
FN:114,(anonymous_27)
FN:175,(anonymous_28)
FN:176,(anonymous_29)
FN:181,(anonymous_30)
FN:193,GuardBuilder
FNF:32
FNH:27
FNDA:27,(anonymous_0)
FNDA:0,(anonymous_1)
FNDA:0,(anonymous_2)
FNDA:0,(anonymous_3)
FNDA:0,(anonymous_4)
FNDA:27,(anonymous_5)
FNDA:5,(anonymous_6)
FNDA:5,(anonymous_7)
FNDA:5,(anonymous_8)
FNDA:10,(anonymous_9)
FNDA:27,authorizeInit
FNDA:27,getAbilityInit
FNDA:3,getAbility
FNDA:3,(anonymous_13)
FNDA:6,(anonymous_14)
FNDA:7,(anonymous_15)
FNDA:5,(anonymous_16)
FNDA:0,GuardAuthorizationError
FNDA:24,(anonymous_18)
FNDA:58,(anonymous_19)
FNDA:5,(anonymous_20)
FNDA:97,Rule
FNDA:15,(anonymous_22)
FNDA:5,(anonymous_23)
FNDA:28,Guard
FNDA:35,(anonymous_25)
FNDA:35,(anonymous_26)
FNDA:239,(anonymous_27)
FNDA:19,(anonymous_28)
FNDA:48,(anonymous_29)
FNDA:49,(anonymous_30)
FNDA:28,GuardBuilder
DA:3,5
DA:5,5
DA:6,5
DA:7,5
DA:9,5
DA:10,27
DA:12,0
DA:13,0
DA:15,0
DA:16,0
DA:18,0
DA:19,0
DA:20,0
DA:23,0
DA:28,5
DA:29,27
DA:31,5
DA:32,10
DA:34,5
DA:35,5
DA:37,5
DA:38,5
DA:39,3
DA:41,2
DA:48,27
DA:55,27
DA:56,3
DA:58,3
DA:59,6
DA:61,3
DA:62,7
DA:63,7
DA:65,3
DA:66,3
DA:73,5
DA:74,5
DA:76,0
DA:77,0
DA:78,0
DA:79,0
DA:80,0
DA:82,5
DA:85,5
DA:86,5
DA:87,5
DA:91,5
DA:92,24
DA:94,5
DA:95,58
DA:97,5
DA:99,97
DA:100,97
DA:101,97
DA:102,97
DA:103,97
DA:104,97
DA:105,97
DA:107,5
DA:109,5
DA:111,28
DA:112,35
DA:114,35
DA:115,239
DA:117,35
DA:118,0
DA:119,35
DA:120,1
DA:121,34
DA:122,1
DA:123,33
DA:125,33
DA:126,33
DA:127,33
DA:132,33
DA:133,33
DA:135,0
DA:136,0
DA:138,33
DA:139,33
DA:140,33
DA:141,33
DA:143,70
DA:144,60
DA:145,60
DA:146,60
DA:147,2
DA:148,2
DA:149,2
DA:151,58
DA:152,24
DA:153,10
DA:155,10
DA:156,7
DA:157,7
DA:160,3
DA:162,7
DA:164,14
DA:165,14
DA:166,14
DA:167,21
DA:169,37
DA:170,37
DA:171,33
DA:175,28
DA:176,28
DA:177,48
DA:178,48
DA:179,48
DA:181,28
DA:182,49
DA:183,49
DA:184,49
DA:186,28
DA:187,1
DA:188,27
DA:189,27
DA:191,5
DA:194,28
DA:195,27
DA:196,27
DA:199,27
DA:208,5
DA:209,5
DA:210,5
DA:211,5
DA:212,5
LF:126
LH:110
BRDA:13,0,0,0
BRDA:13,0,1,0
BRDA:19,1,0,0
BRDA:19,1,1,0
BRDA:20,2,0,0
BRDA:20,2,1,0
BRDA:32,3,0,5
BRDA:32,3,1,5
BRDA:38,4,0,3
BRDA:38,4,1,2
BRDA:39,5,0,3
BRDA:39,5,1,2
BRDA:59,6,0,3
BRDA:59,6,1,3
BRDA:62,7,0,4
BRDA:62,7,1,3
BRDA:77,8,0,0
BRDA:77,8,1,0
BRDA:77,9,0,0
BRDA:77,9,1,0
BRDA:92,10,0,24
BRDA:92,10,1,5
BRDA:95,11,0,58
BRDA:95,11,1,35
BRDA:115,12,0,35
BRDA:115,12,1,33
BRDA:115,12,2,33
BRDA:115,12,3,0
BRDA:115,12,4,33
BRDA:115,12,5,70
BRDA:115,12,6,10
BRDA:115,12,7,14
BRDA:115,12,8,21
BRDA:115,12,9,37
BRDA:115,12,10,33
BRDA:117,13,0,0
BRDA:117,13,1,35
BRDA:119,14,0,1
BRDA:119,14,1,34
BRDA:121,15,0,1
BRDA:121,15,1,33
BRDA:143,16,0,10
BRDA:143,16,1,60
BRDA:145,17,0,60
BRDA:145,17,1,3
BRDA:146,18,0,2
BRDA:146,18,1,58
BRDA:151,19,0,34
BRDA:151,19,1,24
BRDA:151,20,0,58
BRDA:151,20,1,24
BRDA:152,21,0,14
BRDA:152,21,1,10
BRDA:155,22,0,7
BRDA:155,22,1,3
BRDA:186,23,0,1
BRDA:186,23,1,27
BRF:57
BRH:45
end_of_record
TN:
SF:src/GuardAuthorizationError.ts
FN:4,(anonymous_0)
FN:10,GuardAuthorizationError
FNF:2
FNH:1
FNDA:1,(anonymous_0)
FNDA:0,GuardAuthorizationError
DA:2,1
DA:4,1
DA:5,1
DA:7,0
DA:10,0
DA:11,0
DA:12,0
DA:14,1
DA:16,1
LF:9
LH:5
BRDA:11,0,0,0
BRDA:11,0,1,0
BRDA:11,1,0,0
BRDA:11,1,1,0
BRF:4
BRH:0
end_of_record
TN:
SF:src/authorize.ts
FN:5,(anonymous_0)
FN:8,(anonymous_1)
FN:8,(anonymous_2)
FN:8,(anonymous_3)
FN:20,(anonymous_5)
FN:23,(anonymous_6)
FN:23,(anonymous_7)
FN:23,(anonymous_8)
FNF:8
FNH:5
FNDA:1,(anonymous_0)
FNDA:4,(anonymous_1)
FNDA:4,(anonymous_2)
FNDA:4,(anonymous_3)
FNDA:1,(anonymous_5)
FNDA:0,(anonymous_6)
FNDA:0,(anonymous_7)
FNDA:0,(anonymous_8)
DA:1,1
DA:5,1
DA:8,4
DA:9,4
DA:10,4
DA:12,4
DA:16,3
DA:20,1
DA:23,1
DA:24,0
DA:25,0
DA:27,0
DA:31,0
LF:13
LH:9
BRDA:12,0,0,1
BRDA:12,0,1,3
BRDA:12,1,0,1
BRDA:12,1,1,0
BRDA:27,2,0,0
BRDA:27,2,1,0
BRDA:27,3,0,0
BRDA:27,3,1,0
BRF:8
BRH:3
end_of_record
TN:
SF:src/authorizeInit.ts
FN:4,authorizeInit
FNF:1
FNH:1
FNDA:1,authorizeInit
DA:2,1
DA:4,1
DA:5,1
LF:3
LH:3
BRF:0
BRH:0
end_of_record
TN:
SF:src/const.ts
FNF:0
FNH:0
DA:1,1
DA:3,1
DA:4,1
DA:6,1
LF:4
LH:4
BRF:0
BRH:0
end_of_record
TN:
SF:src/getAbility.ts
FN:3,getAbilityInit
FN:4,getAbility
FN:5,(anonymous_4)
FNF:3
FNH:1
FNDA:1,getAbilityInit
FNDA:0,getAbility
FNDA:0,(anonymous_4)
DA:3,1
DA:4,1
DA:5,0
DA:6,0
DA:8,0
LF:5
LH:2
BRDA:8,0,0,0
BRDA:5,1,0,0
BRDA:5,1,1,0
BRF:3
BRH:0
end_of_record
TN:
SF:src/guard.ts
FN:18,(anonymous_0)
FN:21,(anonymous_1)
FN:24,(anonymous_2)
FN:27,Rule
FN:34,(anonymous_4)
FN:36,(anonymous_5)
FN:40,Guard
FN:46,(anonymous_7)
FN:46,(anonymous_8)
FN:93,(anonymous_10)
FN:95,(anonymous_11)
FN:101,(anonymous_12)
FN:108,GuardBuilder
FNF:13
FNH:12
FNDA:4,(anonymous_0)
FNDA:9,(anonymous_1)
FNDA:1,(anonymous_2)
FNDA:16,Rule
FNDA:4,(anonymous_4)
FNDA:1,(anonymous_5)
FNDA:1,Guard
FNDA:4,(anonymous_7)
FNDA:4,(anonymous_8)
FNDA:0,(anonymous_10)
FNDA:8,(anonymous_11)
FNDA:8,(anonymous_12)
FNDA:1,GuardBuilder
DA:12,1
DA:13,1
DA:14,1
DA:18,1
DA:19,4
DA:21,1
DA:22,9
DA:24,1
DA:25,16
DA:27,16
DA:28,16
DA:29,16
DA:30,16
DA:31,16
DA:34,16
DA:35,1
DA:36,1
DA:40,1
DA:41,1
DA:42,1
DA:43,1
DA:46,4
DA:47,4
DA:48,4
DA:49,4
DA:52,4
DA:53,8
DA:58,0
DA:61,4
DA:62,4
DA:63,9
DA:64,9
DA:66,9
DA:68,9
DA:69,0
DA:70,0
DA:71,0
DA:74,14
DA:75,8
DA:76,0
DA:77,0
DA:78,0
DA:80,0
DA:83,4
DA:84,4
DA:87,4
DA:90,4
DA:93,1
DA:95,1
DA:96,8
DA:97,8
DA:98,8
DA:101,1
DA:102,8
DA:103,8
DA:104,8
DA:106,1
DA:108,1
DA:109,1
DA:110,1
DA:111,1
DA:116,1
LF:62
LH:54
BRDA:19,0,0,4
BRDA:19,0,1,0
BRDA:22,1,0,9
BRDA:22,1,1,5
BRDA:87,2,0,4
BRDA:87,2,1,4
BRDA:47,3,0,0
BRDA:47,3,1,4
BRDA:48,4,0,0
BRDA:48,4,1,4
BRDA:49,5,0,0
BRDA:49,5,1,4
BRDA:63,6,0,0
BRDA:63,6,1,9
BRDA:66,7,0,9
BRDA:66,7,1,0
BRDA:68,8,0,0
BRDA:68,8,1,9
BRDA:74,9,0,5
BRDA:74,9,1,4
BRDA:74,10,0,9
BRDA:74,10,1,4
BRDA:75,11,0,4
BRDA:75,11,1,0
BRDA:76,12,0,0
BRDA:76,12,1,0
BRDA:41,13,0,0
BRDA:41,13,1,1
BRF:28
BRH:17
end_of_record
